Timestamp: - 2018-05-02 11:43:26 name 'r' is not defined
Timestamp: - 2018-05-02 11:50:47 unorderable types: int() <= NoneType()
Timestamp: - 2018-05-02 11:51:17 'User' object has no attribute 'server'
Timestamp: - 2018-05-02 11:56:56 'User' object has no attribute 'roles'
Timestamp: - 2018-05-02 12:00:00 'NoneType' object has no attribute 'roles'
Timestamp: - 2018-05-02 12:00:53 'NoneType' object has no attribute 'roles'
Timestamp: - 2018-05-02 12:01:12 'NoneType' object has no attribute 'roles'
Timestamp: - 2018-05-02 12:01:59 'NoneType' object has no attribute 'roles'
Timestamp: - 2018-05-02 12:04:01 'NoneType' object has no attribute 'roles'
Timestamp: - 2018-05-02 12:04:30 'NoneType' object has no attribute 'roles'
Timestamp: - 2018-05-02 12:06:15 'NoneType' object has no attribute 'roles'
Timestamp: - 2018-05-02 12:07:32 'NoneType' object has no attribute 'roles'
Timestamp: - 2018-05-02 12:10:00 FORBIDDEN (status code: 403): Cannot execute action on a DM channel
Timestamp: - 2018-05-02 12:11:45 FORBIDDEN (status code: 403): Cannot execute action on a DM channel
Timestamp: - 2018-05-02 12:13:32 FORBIDDEN (status code: 403): Cannot execute action on a DM channel
Timestamp: - 2018-05-02 12:15:19 'User' object has no attribute 'server'
Timestamp: - 2018-05-02 12:15:29 FORBIDDEN (status code: 403): Cannot execute action on a DM channel
Timestamp: - 2018-05-02 12:16:44 FORBIDDEN (status code: 403): Cannot execute action on a DM channel
Timestamp: - 2018-05-02 12:21:46 unorderable types: int() <= NoneType()
Timestamp: - 2018-05-02 12:47:46 unorderable types: int() <= NoneType()
Timestamp: - 2018-05-02 12:57:48 unorderable types: int() <= NoneType()
Timestamp: - 2018-05-02 12:58:51 unorderable types: int() <= NoneType()
Timestamp: - 2018-05-02 13:00:16 unorderable types: int() <= NoneType()
Timestamp: - 2018-05-02 13:00:49 unorderable types: int() <= NoneType()
Timestamp: - 2018-05-02 13:02:27 unorderable types: int() <= NoneType()
Timestamp: - 2018-05-02 13:06:23 File bot : MasterSplinter-v3-final.zip, submitted, compiled and run successfully! Sending log file...
Timestamp: - 2018-05-02 13:07:43 'User' object has no attribute 'server'
Timestamp: - 2018-05-02 13:07:51 File bot : MasterSplinter-v3-final.zip, submitted, compiled and run successfully! Sending log file...
Timestamp: - 2018-05-10 09:46:23 'NoneType' object is not subscriptable
Timestamp: - 2018-05-10 10:05:50 reload() argument must be module
Timestamp: - 2018-05-11 09:57:29 'NoneType' object has no attribute 'items'
Timestamp: - 2018-05-11 10:00:22 'NoneType' object has no attribute 'items'
Timestamp: - 2018-05-11 10:00:32 'NoneType' object has no attribute 'items'
Timestamp: - 2018-05-11 10:56:10 BAD REQUEST (status code: 400): Cannot send messages to this user
Timestamp: - 2018-05-12 12:03:41 BAD REQUEST (status code: 400): Cannot send messages to this user
